<?xml version="1.0" encoding="UTF-8"?>
<!-- Generated by org.testng.reporters.JUnitReportReporter -->
<testsuite name="primaryTestNG.TestNGCase2" tests="3" time="0.014" ignored="1" failures="0" timestamp="05 Feb 2017 22:47:02 GMT" skipped="0" hostname="DESKTOP-SM3A9BQ" errors="0">
  <testcase name="signup" time="0.004" classname="primaryTestNG.TestNGCase2"/>
  <testcase name="test1" time="0.008" classname="primaryTestNG.TestNGCase2"/>
  <testcase name="signin" time="0.002" classname="primaryTestNG.TestNGCase2"/>
  <testcase name="test3" classname="primaryTestNG.TestNGCase2">
    <skipped/>
  </testcase> <!-- test3 -->
</testsuite> <!-- primaryTestNG.TestNGCase2 -->
