<?xml version="1.0" encoding="UTF-8"?>
<!-- Generated by org.testng.reporters.JUnitReportReporter -->
<testsuite name="ngpak2.TestNGCase2" tests="3" time="0.038" ignored="1" failures="0" timestamp="13 Feb 2017 04:43:23 GMT" skipped="0" hostname="DESKTOP-SM3A9BQ" errors="0">
  <testcase name="test1" time="0.022" classname="ngpak2.TestNGCase2"/>
  <testcase name="signin" time="0.000" classname="ngpak2.TestNGCase2"/>
  <testcase name="signup" time="0.016" classname="ngpak2.TestNGCase2"/>
  <testcase name="test3" classname="ngpak2.TestNGCase2">
    <skipped/>
  </testcase> <!-- test3 -->
</testsuite> <!-- ngpak2.TestNGCase2 -->
