<?xml version="1.0" encoding="UTF-8"?>
<!-- Generated by org.testng.reporters.JUnitReportReporter -->
<testsuite name="primaryTestNG.TestNGCase1" tests="3" time="0.010" ignored="1" failures="0" timestamp="05 Feb 2017 22:55:21 GMT" skipped="0" hostname="DESKTOP-SM3A9BQ" errors="0">
  <testcase name="test2" time="0.004" classname="primaryTestNG.TestNGCase1"/>
  <testcase name="test1" time="0.003" classname="primaryTestNG.TestNGCase1"/>
  <testcase name="test3" time="0.003" classname="primaryTestNG.TestNGCase1"/>
  <testcase name="test3" classname="ngpak2.TestNGCase2">
    <skipped/>
  </testcase> <!-- test3 -->
</testsuite> <!-- primaryTestNG.TestNGCase1 -->
