<?xml version="1.0" encoding="UTF-8"?>
<!-- Generated by org.testng.reporters.JUnitReportReporter -->
<testsuite name="primaryTestNG.TestNGTest1" tests="2" time="8.597" ignored="0" failures="0" timestamp="10 Mar 2017 02:17:51 GMT" skipped="0" hostname="DESKTOP-SM3A9BQ" errors="0">
  <testcase name="test2" time="1.709" classname="primaryTestNG.TestNGTest1"/>
  <testcase name="test3" time="6.888" classname="primaryTestNG.TestNGTest1"/>
</testsuite> <!-- primaryTestNG.TestNGTest1 -->
